2022-03-22 01:36:46 PM excel_suffix: UP

2022-03-22 01:36:46 PM data_processing: True

2022-03-22 01:36:46 PM find_unknown: False

2022-03-22 01:36:46 PM dealing_start_year: 1947

2022-03-22 01:36:49 PM Data Processing

2022-03-22 01:36:50 PM Getting data: dataset_name = QNA, country = Five Major Asia, frequency = A Time: 4 s

2022-03-22 01:36:50 PM Present File Exists. Reading Data From Default Path.

2022-03-22 01:36:50 PM Getting data: dataset_name = QNA, country = Five Major Asia, frequency = Q Time: 4 s

2022-03-22 01:36:50 PM Present File Exists. Reading Data From Default Path.

2022-03-22 01:36:50 PM Getting data: dataset_name = QNA, country = Argentina, frequency = A Time: 4 s

2022-03-22 01:36:50 PM Present File Exists. Reading Data From Default Path.

2022-03-22 01:36:53 PM Getting data: dataset_name = QNA, country = Argentina, frequency = Q Time: 6 s

2022-03-22 01:36:53 PM Present File Exists. Reading Data From Default Path.

2022-03-22 01:36:59 PM Getting data: dataset_name = QNA, country = Australia, frequency = A Time: 13 s

2022-03-22 01:36:59 PM Present File Exists. Reading Data From Default Path.

2022-03-22 01:37:06 PM Getting data: dataset_name = QNA, country = Australia, frequency = Q Time: 19 s

2022-03-22 01:37:06 PM Present File Exists. Reading Data From Default Path.

2022-03-22 01:37:28 PM Getting data: dataset_name = QNA, country = Austria, frequency = A Time: 42 s

2022-03-22 01:37:28 PM Present File Exists. Reading Data From Default Path.

2022-03-22 01:37:40 PM Getting data: dataset_name = QNA, country = Austria, frequency = Q Time: 54 s

2022-03-22 01:37:40 PM Present File Exists. Reading Data From Default Path.

2022-03-22 01:38:22 PM Getting data: dataset_name = QNA, country = Belgium, frequency = A Time: 96 s

2022-03-22 01:38:22 PM Present File Exists. Reading Data From Default Path.

2022-03-22 01:38:31 PM Getting data: dataset_name = QNA, country = Belgium, frequency = Q Time: 104 s

2022-03-22 01:38:31 PM Present File Exists. Reading Data From Default Path.

2022-03-22 01:38:59 PM Getting data: dataset_name = QNA, country = Bulgaria, frequency = A Time: 133 s

2022-03-22 01:38:59 PM Present File Exists. Reading Data From Default Path.

2022-03-22 01:39:04 PM Getting data: dataset_name = QNA, country = Bulgaria, frequency = Q Time: 138 s

2022-03-22 01:39:04 PM Present File Exists. Reading Data From Default Path.

2022-03-22 01:39:19 PM Getting data: dataset_name = QNA, country = Brazil, frequency = A Time: 153 s

2022-03-22 01:39:19 PM Present File Exists. Reading Data From Default Path.

2022-03-22 01:39:21 PM Getting data: dataset_name = QNA, country = Brazil, frequency = Q Time: 154 s

2022-03-22 01:39:21 PM Present File Exists. Reading Data From Default Path.

2022-03-22 01:39:24 PM Getting data: dataset_name = QNA, country = BRIICS economies - Brazil, Russia, India, Indonesia, China and South Africa, frequency = A Time: 158 s

2022-03-22 01:39:24 PM Present File Exists. Reading Data From Default Path.

2022-03-22 01:39:24 PM Getting data: dataset_name = QNA, country = BRIICS economies - Brazil, Russia, India, Indonesia, China and South Africa, frequency = Q Time: 158 s

2022-03-22 01:39:24 PM Present File Exists. Reading Data From Default Path.

2022-03-22 01:39:24 PM Getting data: dataset_name = QNA, country = Canada, frequency = A Time: 158 s

2022-03-22 01:39:24 PM Present File Exists. Reading Data From Default Path.

2022-03-22 01:39:33 PM Getting data: dataset_name = QNA, country = Canada, frequency = Q Time: 166 s

2022-03-22 01:39:33 PM Present File Exists. Reading Data From Default Path.

2022-03-22 01:40:06 PM Getting data: dataset_name = QNA, country = Switzerland, frequency = A Time: 200 s

2022-03-22 01:40:06 PM Present File Exists. Reading Data From Default Path.

2022-03-22 01:40:11 PM Getting data: dataset_name = QNA, country = Switzerland, frequency = Q Time: 204 s

2022-03-22 01:40:11 PM Present File Exists. Reading Data From Default Path.

2022-03-22 01:40:26 PM Getting data: dataset_name = QNA, country = Chile, frequency = A Time: 220 s

2022-03-22 01:40:26 PM Present File Exists. Reading Data From Default Path.

2022-03-22 01:40:30 PM Getting data: dataset_name = QNA, country = Chile, frequency = Q Time: 223 s

2022-03-22 01:40:30 PM Present File Exists. Reading Data From Default Path.

2022-03-22 01:40:37 PM Getting data: dataset_name = QNA, country = China, frequency = A Time: 231 s

2022-03-22 01:40:37 PM Present File Exists. Reading Data From Default Path.

2022-03-22 01:40:37 PM Getting data: dataset_name = QNA, country = China, frequency = Q Time: 231 s

2022-03-22 01:40:37 PM Present File Exists. Reading Data From Default Path.

2022-03-22 01:40:38 PM Getting data: dataset_name = QNA, country = Colombia, frequency = A Time: 232 s

2022-03-22 01:40:38 PM Present File Exists. Reading Data From Default Path.

2022-03-22 01:40:40 PM Getting data: dataset_name = QNA, country = Colombia, frequency = Q Time: 234 s

2022-03-22 01:40:40 PM Present File Exists. Reading Data From Default Path.

2022-03-22 01:40:47 PM Getting data: dataset_name = QNA, country = Costa Rica, frequency = A Time: 240 s

2022-03-22 01:40:47 PM Present File Exists. Reading Data From Default Path.

2022-03-22 01:40:50 PM Getting data: dataset_name = QNA, country = Costa Rica, frequency = Q Time: 244 s

2022-03-22 01:40:50 PM Present File Exists. Reading Data From Default Path.

2022-03-22 01:41:03 PM Getting data: dataset_name = QNA, country = Cyprus, frequency = A Time: 256 s

2022-03-22 01:41:03 PM Present File Exists. Reading Data From Default Path.

2022-03-22 01:41:03 PM Getting data: dataset_name = QNA, country = Cyprus, frequency = Q Time: 256 s

2022-03-22 01:41:03 PM Present File Exists. Reading Data From Default Path.

2022-03-22 01:41:03 PM Getting data: dataset_name = QNA, country = Czech Republic, frequency = A Time: 256 s

2022-03-22 01:41:03 PM Present File Exists. Reading Data From Default Path.

2022-03-22 01:41:09 PM Getting data: dataset_name = QNA, country = Czech Republic, frequency = Q Time: 262 s

2022-03-22 01:41:09 PM Present File Exists. Reading Data From Default Path.

2022-03-22 01:41:26 PM Getting data: dataset_name = QNA, country = Germany, frequency = A Time: 280 s

2022-03-22 01:41:26 PM Present File Exists. Reading Data From Default Path.

2022-03-22 01:41:37 PM Getting data: dataset_name = QNA, country = Germany, frequency = Q Time: 290 s

2022-03-22 01:41:37 PM Present File Exists. Reading Data From Default Path.

2022-03-22 01:42:14 PM Getting data: dataset_name = QNA, country = Western Germany, frequency = A Time: 327 s

2022-03-22 01:42:14 PM Present File Exists. Reading Data From Default Path.

2022-03-22 01:42:14 PM Getting data: dataset_name = QNA, country = Western Germany, frequency = Q Time: 327 s

2022-03-22 01:42:14 PM Present File Exists. Reading Data From Default Path.

2022-03-22 01:42:14 PM Getting data: dataset_name = QNA, country = Denmark, frequency = A Time: 327 s

2022-03-22 01:42:14 PM Present File Exists. Reading Data From Default Path.

2022-03-22 01:42:24 PM Getting data: dataset_name = QNA, country = Denmark, frequency = Q Time: 337 s

2022-03-22 01:42:24 PM Present File Exists. Reading Data From Default Path.

2022-03-22 01:43:00 PM Getting data: dataset_name = QNA, country = Euro area, frequency = A Time: 374 s

2022-03-22 01:43:00 PM Present File Exists. Reading Data From Default Path.

2022-03-22 01:43:04 PM Getting data: dataset_name = QNA, country = Euro area, frequency = Q Time: 378 s

2022-03-22 01:43:04 PM Present File Exists. Reading Data From Default Path.

2022-03-22 01:43:17 PM Getting data: dataset_name = QNA, country = Spain, frequency = A Time: 391 s

2022-03-22 01:43:17 PM Present File Exists. Reading Data From Default Path.

2022-03-22 01:43:26 PM Getting data: dataset_name = QNA, country = Spain, frequency = Q Time: 400 s

2022-03-22 01:43:26 PM Present File Exists. Reading Data From Default Path.

2022-03-22 01:44:01 PM Getting data: dataset_name = QNA, country = Estonia, frequency = A Time: 435 s

2022-03-22 01:44:01 PM Present File Exists. Reading Data From Default Path.

2022-03-22 01:44:07 PM Getting data: dataset_name = QNA, country = Estonia, frequency = Q Time: 440 s

2022-03-22 01:44:07 PM Present File Exists. Reading Data From Default Path.

2022-03-22 01:44:23 PM Getting data: dataset_name = QNA, country = European Union (15 countries), frequency = A Time: 456 s

2022-03-22 01:44:23 PM Present File Exists. Reading Data From Default Path.

2022-03-22 01:44:24 PM Getting data: dataset_name = QNA, country = European Union (15 countries), frequency = Q Time: 457 s

2022-03-22 01:44:24 PM Present File Exists. Reading Data From Default Path.

2022-03-22 01:44:27 PM Getting data: dataset_name = QNA, country = European Union – 27 countries (from 01/02/2020), frequency = A Time: 460 s

2022-03-22 01:44:27 PM Present File Exists. Reading Data From Default Path.

2022-03-22 01:44:31 PM Getting data: dataset_name = QNA, country = European Union – 27 countries (from 01/02/2020), frequency = Q Time: 465 s

2022-03-22 01:44:31 PM Present File Exists. Reading Data From Default Path.

2022-03-22 01:44:44 PM Getting data: dataset_name = QNA, country = European Union (28 countries), frequency = A Time: 478 s

2022-03-22 01:44:44 PM Present File Exists. Reading Data From Default Path.

2022-03-22 01:44:45 PM Getting data: dataset_name = QNA, country = European Union (28 countries), frequency = Q Time: 478 s

2022-03-22 01:44:45 PM Present File Exists. Reading Data From Default Path.

2022-03-22 01:44:45 PM Getting data: dataset_name = QNA, country = Finland, frequency = A Time: 478 s

2022-03-22 01:44:45 PM Present File Exists. Reading Data From Default Path.

2022-03-22 01:44:55 PM Getting data: dataset_name = QNA, country = Finland, frequency = Q Time: 488 s

2022-03-22 01:44:55 PM Present File Exists. Reading Data From Default Path.

2022-03-22 01:45:32 PM Getting data: dataset_name = QNA, country = France, frequency = A Time: 525 s

2022-03-22 01:45:32 PM Present File Exists. Reading Data From Default Path.

2022-03-22 01:45:44 PM Getting data: dataset_name = QNA, country = France, frequency = Q Time: 537 s

2022-03-22 01:45:44 PM Present File Exists. Reading Data From Default Path.

2022-03-22 01:46:27 PM Getting data: dataset_name = QNA, country = G20, frequency = A Time: 581 s

2022-03-22 01:46:27 PM Present File Exists. Reading Data From Default Path.

2022-03-22 01:46:27 PM Getting data: dataset_name = QNA, country = G20, frequency = Q Time: 581 s

2022-03-22 01:46:27 PM Present File Exists. Reading Data From Default Path.

2022-03-22 01:46:28 PM Getting data: dataset_name = QNA, country = G7, frequency = A Time: 581 s

2022-03-22 01:46:28 PM Present File Exists. Reading Data From Default Path.

2022-03-22 01:46:29 PM Getting data: dataset_name = QNA, country = G7, frequency = Q Time: 582 s

2022-03-22 01:46:29 PM Present File Exists. Reading Data From Default Path.

2022-03-22 01:46:31 PM Getting data: dataset_name = QNA, country = Big 4 Europe, frequency = A Time: 584 s

2022-03-22 01:46:31 PM Present File Exists. Reading Data From Default Path.

2022-03-22 01:46:31 PM Getting data: dataset_name = QNA, country = Big 4 Europe, frequency = Q Time: 584 s

2022-03-22 01:46:31 PM Present File Exists. Reading Data From Default Path.

2022-03-22 01:46:31 PM Getting data: dataset_name = QNA, country = United Kingdom, frequency = A Time: 584 s

2022-03-22 01:46:31 PM Present File Exists. Reading Data From Default Path.

2022-03-22 01:46:42 PM Getting data: dataset_name = QNA, country = United Kingdom, frequency = Q Time: 595 s

2022-03-22 01:46:42 PM Present File Exists. Reading Data From Default Path.

2022-03-22 01:47:22 PM Getting data: dataset_name = QNA, country = Greece, frequency = A Time: 635 s

2022-03-22 01:47:22 PM Present File Exists. Reading Data From Default Path.

2022-03-22 01:47:32 PM Getting data: dataset_name = QNA, country = Greece, frequency = Q Time: 645 s

2022-03-22 01:47:32 PM Present File Exists. Reading Data From Default Path.

2022-03-22 01:48:08 PM Getting data: dataset_name = QNA, country = Hungary, frequency = A Time: 681 s

2022-03-22 01:48:08 PM Present File Exists. Reading Data From Default Path.

2022-03-22 01:48:13 PM Getting data: dataset_name = QNA, country = Hungary, frequency = Q Time: 686 s

2022-03-22 01:48:13 PM Present File Exists. Reading Data From Default Path.

2022-03-22 01:48:29 PM Getting data: dataset_name = QNA, country = Indonesia, frequency = A Time: 702 s

2022-03-22 01:48:29 PM Present File Exists. Reading Data From Default Path.

2022-03-22 01:48:31 PM Getting data: dataset_name = QNA, country = Indonesia, frequency = Q Time: 704 s

2022-03-22 01:48:31 PM Present File Exists. Reading Data From Default Path.

2022-03-22 01:48:37 PM Getting data: dataset_name = QNA, country = Ukraine, frequency = A Time: 711 s

2022-03-22 01:48:37 PM Present File Exists. Reading Data From Default Path.

2022-03-22 01:48:37 PM Getting data: dataset_name = QNA, country = Ukraine, frequency = Q Time: 711 s

2022-03-22 01:48:37 PM Present File Exists. Reading Data From Default Path.

2022-03-22 01:48:37 PM Getting data: dataset_name = QNA, country = India, frequency = A Time: 711 s

2022-03-22 01:48:37 PM Present File Exists. Reading Data From Default Path.

2022-03-22 01:48:39 PM Getting data: dataset_name = QNA, country = India, frequency = Q Time: 712 s

2022-03-22 01:48:39 PM Present File Exists. Reading Data From Default Path.

2022-03-22 01:48:43 PM Getting data: dataset_name = QNA, country = Ireland, frequency = A Time: 716 s

2022-03-22 01:48:43 PM Present File Exists. Reading Data From Default Path.

2022-03-22 01:48:54 PM Getting data: dataset_name = QNA, country = Ireland, frequency = Q Time: 727 s

2022-03-22 01:48:54 PM Present File Exists. Reading Data From Default Path.

2022-03-22 01:49:31 PM Getting data: dataset_name = QNA, country = Iceland, frequency = A Time: 764 s

2022-03-22 01:49:31 PM Present File Exists. Reading Data From Default Path.

2022-03-22 01:49:36 PM Getting data: dataset_name = QNA, country = Iceland, frequency = Q Time: 769 s

2022-03-22 01:49:36 PM Present File Exists. Reading Data From Default Path.

2022-03-22 01:49:54 PM Getting data: dataset_name = QNA, country = Israel, frequency = A Time: 788 s

2022-03-22 01:49:54 PM Present File Exists. Reading Data From Default Path.

2022-03-22 01:50:00 PM Getting data: dataset_name = QNA, country = Israel, frequency = Q Time: 794 s

2022-03-22 01:50:00 PM Present File Exists. Reading Data From Default Path.

2022-03-22 01:50:14 PM Getting data: dataset_name = QNA, country = Italy, frequency = A Time: 807 s

2022-03-22 01:50:14 PM Present File Exists. Reading Data From Default Path.

2022-03-22 01:50:24 PM Getting data: dataset_name = QNA, country = Italy, frequency = Q Time: 817 s

2022-03-22 01:50:24 PM Present File Exists. Reading Data From Default Path.

2022-03-22 01:50:58 PM Getting data: dataset_name = QNA, country = Japan, frequency = A Time: 851 s

2022-03-22 01:50:58 PM Present File Exists. Reading Data From Default Path.

2022-03-22 01:51:04 PM Getting data: dataset_name = QNA, country = Japan, frequency = Q Time: 857 s

2022-03-22 01:51:04 PM Present File Exists. Reading Data From Default Path.

2022-03-22 01:51:24 PM Getting data: dataset_name = QNA, country = Korea, frequency = A Time: 878 s

2022-03-22 01:51:24 PM Present File Exists. Reading Data From Default Path.

2022-03-22 01:51:31 PM Getting data: dataset_name = QNA, country = Korea, frequency = Q Time: 885 s

2022-03-22 01:51:31 PM Present File Exists. Reading Data From Default Path.

2022-03-22 01:51:56 PM Getting data: dataset_name = QNA, country = Lithuania, frequency = A Time: 909 s

2022-03-22 01:51:56 PM Present File Exists. Reading Data From Default Path.

2022-03-22 01:52:01 PM Getting data: dataset_name = QNA, country = Lithuania, frequency = Q Time: 914 s

2022-03-22 01:52:01 PM Present File Exists. Reading Data From Default Path.

2022-03-22 01:52:17 PM Getting data: dataset_name = QNA, country = Luxembourg, frequency = A Time: 931 s

2022-03-22 01:52:17 PM Present File Exists. Reading Data From Default Path.

2022-03-22 01:52:27 PM Getting data: dataset_name = QNA, country = Luxembourg, frequency = Q Time: 940 s

2022-03-22 01:52:27 PM Present File Exists. Reading Data From Default Path.

2022-03-22 01:53:01 PM Getting data: dataset_name = QNA, country = Latvia, frequency = A Time: 974 s

2022-03-22 01:53:01 PM Present File Exists. Reading Data From Default Path.

2022-03-22 01:53:05 PM Getting data: dataset_name = QNA, country = Latvia, frequency = Q Time: 979 s

2022-03-22 01:53:05 PM Present File Exists. Reading Data From Default Path.

2022-03-22 01:53:21 PM Getting data: dataset_name = QNA, country = Mexico, frequency = A Time: 994 s

2022-03-22 01:53:21 PM Present File Exists. Reading Data From Default Path.

2022-03-22 01:53:30 PM Getting data: dataset_name = QNA, country = Mexico, frequency = Q Time: 1004 s

2022-03-22 01:53:30 PM Present File Exists. Reading Data From Default Path.

2022-03-22 01:54:00 PM Getting data: dataset_name = QNA, country = Malta, frequency = A Time: 1034 s

2022-03-22 01:54:00 PM Present File Exists. Reading Data From Default Path.

2022-03-22 01:54:00 PM Getting data: dataset_name = QNA, country = Malta, frequency = Q Time: 1034 s

2022-03-22 01:54:00 PM Present File Exists. Reading Data From Default Path.

2022-03-22 01:54:00 PM Getting data: dataset_name = QNA, country = NAFTA, frequency = A Time: 1034 s

2022-03-22 01:54:00 PM Present File Exists. Reading Data From Default Path.

2022-03-22 01:54:01 PM Getting data: dataset_name = QNA, country = NAFTA, frequency = Q Time: 1035 s

2022-03-22 01:54:01 PM Present File Exists. Reading Data From Default Path.

2022-03-22 01:54:04 PM Getting data: dataset_name = QNA, country = Netherlands, frequency = A Time: 1037 s

2022-03-22 01:54:04 PM Present File Exists. Reading Data From Default Path.

2022-03-22 01:54:14 PM Getting data: dataset_name = QNA, country = Netherlands, frequency = Q Time: 1048 s

2022-03-22 01:54:14 PM Present File Exists. Reading Data From Default Path.

2022-03-22 01:54:52 PM Getting data: dataset_name = QNA, country = Norway, frequency = A Time: 1086 s

2022-03-22 01:54:52 PM Present File Exists. Reading Data From Default Path.

2022-03-22 01:55:04 PM Getting data: dataset_name = QNA, country = Norway, frequency = Q Time: 1097 s

2022-03-22 01:55:04 PM Present File Exists. Reading Data From Default Path.

2022-03-22 01:55:39 PM Getting data: dataset_name = QNA, country = New Zealand, frequency = A Time: 1133 s

2022-03-22 01:55:39 PM Present File Exists. Reading Data From Default Path.

2022-03-22 01:55:46 PM Getting data: dataset_name = QNA, country = New Zealand, frequency = Q Time: 1139 s

2022-03-22 01:55:46 PM Present File Exists. Reading Data From Default Path.

2022-03-22 01:56:07 PM Getting data: dataset_name = QNA, country = OECD - Total, frequency = A Time: 1160 s

2022-03-22 01:56:07 PM Present File Exists. Reading Data From Default Path.

2022-03-22 01:56:08 PM Getting data: dataset_name = QNA, country = OECD - Total, frequency = Q Time: 1161 s

2022-03-22 01:56:08 PM Present File Exists. Reading Data From Default Path.

2022-03-22 01:56:11 PM Getting data: dataset_name = QNA, country = OECD - Europe, frequency = A Time: 1165 s

2022-03-22 01:56:11 PM Present File Exists. Reading Data From Default Path.

2022-03-22 01:56:12 PM Getting data: dataset_name = QNA, country = OECD - Europe, frequency = Q Time: 1166 s

2022-03-22 01:56:12 PM Present File Exists. Reading Data From Default Path.

2022-03-22 01:56:16 PM Getting data: dataset_name = QNA, country = OECD + Major Six NME, frequency = A Time: 1169 s

2022-03-22 01:56:16 PM Present File Exists. Reading Data From Default Path.

2022-03-22 01:56:16 PM Getting data: dataset_name = QNA, country = OECD + Major Six NME, frequency = Q Time: 1169 s

2022-03-22 01:56:16 PM Present File Exists. Reading Data From Default Path.

2022-03-22 01:56:16 PM Getting data: dataset_name = QNA, country = OECD - FORMER TOTAL, frequency = A Time: 1169 s

2022-03-22 01:56:16 PM Present File Exists. Reading Data From Default Path.

2022-03-22 01:56:16 PM Getting data: dataset_name = QNA, country = OECD - FORMER TOTAL, frequency = Q Time: 1170 s

2022-03-22 01:56:16 PM Present File Exists. Reading Data From Default Path.

2022-03-22 01:56:19 PM Getting data: dataset_name = QNA, country = OECD total excluding the euro area, frequency = A Time: 1172 s

2022-03-22 01:56:19 PM Present File Exists. Reading Data From Default Path.

2022-03-22 01:56:19 PM Getting data: dataset_name = QNA, country = OECD total excluding the euro area, frequency = Q Time: 1172 s

2022-03-22 01:56:19 PM Present File Exists. Reading Data From Default Path.

2022-03-22 01:56:19 PM Getting data: dataset_name = QNA, country = Poland, frequency = A Time: 1172 s

2022-03-22 01:56:19 PM Present File Exists. Reading Data From Default Path.

2022-03-22 01:56:25 PM Getting data: dataset_name = QNA, country = Poland, frequency = Q Time: 1178 s

2022-03-22 01:56:25 PM Present File Exists. Reading Data From Default Path.

2022-03-22 01:56:44 PM Getting data: dataset_name = QNA, country = Portugal, frequency = A Time: 1198 s

2022-03-22 01:56:44 PM Present File Exists. Reading Data From Default Path.

2022-03-22 01:56:54 PM Getting data: dataset_name = QNA, country = Portugal, frequency = Q Time: 1207 s

2022-03-22 01:56:54 PM Present File Exists. Reading Data From Default Path.

2022-03-22 01:57:28 PM Getting data: dataset_name = QNA, country = Romania, frequency = A Time: 1241 s

2022-03-22 01:57:28 PM Present File Exists. Reading Data From Default Path.

2022-03-22 01:57:33 PM Getting data: dataset_name = QNA, country = Romania, frequency = Q Time: 1246 s

2022-03-22 01:57:33 PM Present File Exists. Reading Data From Default Path.

2022-03-22 01:57:48 PM Getting data: dataset_name = QNA, country = Russia, frequency = A Time: 1262 s

2022-03-22 01:57:48 PM Present File Exists. Reading Data From Default Path.

2022-03-22 01:57:51 PM Getting data: dataset_name = QNA, country = Russia, frequency = Q Time: 1264 s

2022-03-22 01:57:51 PM Present File Exists. Reading Data From Default Path.

2022-03-22 01:57:58 PM Getting data: dataset_name = QNA, country = Saudi Arabia, frequency = A Time: 1271 s

2022-03-22 01:57:58 PM Present File Exists. Reading Data From Default Path.

2022-03-22 01:57:59 PM Getting data: dataset_name = QNA, country = Saudi Arabia, frequency = Q Time: 1273 s

2022-03-22 01:57:59 PM Present File Exists. Reading Data From Default Path.

2022-03-22 01:58:02 PM Getting data: dataset_name = QNA, country = SDR, frequency = A Time: 1275 s

2022-03-22 01:58:02 PM Present File Exists. Reading Data From Default Path.

2022-03-22 01:58:02 PM Getting data: dataset_name = QNA, country = SDR, frequency = Q Time: 1275 s

2022-03-22 01:58:02 PM Present File Exists. Reading Data From Default Path.

2022-03-22 01:58:02 PM Getting data: dataset_name = QNA, country = Slovak Republic, frequency = A Time: 1275 s

2022-03-22 01:58:02 PM Present File Exists. Reading Data From Default Path.

2022-03-22 01:58:07 PM Getting data: dataset_name = QNA, country = Slovak Republic, frequency = Q Time: 1281 s

2022-03-22 01:58:07 PM Present File Exists. Reading Data From Default Path.

2022-03-22 01:58:24 PM Getting data: dataset_name = QNA, country = Slovenia, frequency = A Time: 1297 s

2022-03-22 01:58:24 PM Present File Exists. Reading Data From Default Path.

2022-03-22 01:58:24 PM Getting data: dataset_name = QNA, country = Slovenia, frequency = Q Time: 1297 s

2022-03-22 01:58:24 PM Present File Exists. Reading Data From Default Path.

2022-03-22 01:58:24 PM Getting data: dataset_name = QNA, country = Sweden, frequency = A Time: 1297 s

2022-03-22 01:58:24 PM Present File Exists. Reading Data From Default Path.

2022-03-22 01:58:24 PM Getting data: dataset_name = QNA, country = Sweden, frequency = Q Time: 1297 s

2022-03-22 01:58:24 PM Present File Exists. Reading Data From Default Path.

2022-03-22 01:58:59 PM Getting data: dataset_name = QNA, country = Turkey, frequency = A Time: 1333 s

2022-03-22 01:58:59 PM Present File Exists. Reading Data From Default Path.

2022-03-22 01:59:03 PM Getting data: dataset_name = QNA, country = Turkey, frequency = Q Time: 1337 s

2022-03-22 01:59:03 PM Present File Exists. Reading Data From Default Path.

2022-03-22 01:59:20 PM Getting data: dataset_name = QNA, country = United States, frequency = A Time: 1354 s

2022-03-22 01:59:20 PM Present File Exists. Reading Data From Default Path.

2022-03-22 01:59:27 PM Getting data: dataset_name = QNA, country = United States, frequency = Q Time: 1361 s

2022-03-22 01:59:27 PM Present File Exists. Reading Data From Default Path.

2022-03-22 01:59:53 PM Getting data: dataset_name = QNA, country = South Africa, frequency = A Time: 1387 s

2022-03-22 01:59:53 PM Present File Exists. Reading Data From Default Path.

2022-03-22 02:00:01 PM Getting data: dataset_name = QNA, country = South Africa, frequency = Q Time: 1394 s

2022-03-22 02:00:01 PM Present File Exists. Reading Data From Default Path.

2022-03-22 02:00:27 PM Reading file: QNIA_database?, Time: 1420 s

2022-03-22 02:00:27 PM Concating file: QNIA_key?, Time: 1420 s

2022-03-22 02:00:27 PM Concating file: QNIA_database?, Time: 1420 s

2022-03-22 02:00:41 PM Setting new files, Time: 1435 s

2022-03-22 02:01:42 PM Concating new files: QNIA_database, Time: 1495 s

2022-03-22 02:01:42 PM       databank            name   db_table  db_code                                             desc_e           desc_c  ...                   unit name_ord    snl                 book                                         form_e  form_c
0         QNIA    A111B11CAR.a  DB_A_0001  data001  External balance of goods and services, Nation...           B11CAR  ...  Millions of US Dollar      USA      1        United States  Gross domestic product - expenditure approach        
1         QNIA    A111B11CAS.a  DB_A_0001  data002  External balance of goods and services, Nation...         B11CARSA  ...  Millions of US Dollar      USA      2        United States  Gross domestic product - expenditure approach        
2         QNIA    A111B11CQR.a  DB_A_0001  data003  External balance of goods and services, Nation...           B11CQR  ...  Millions of US Dollar      USA      3        United States  Gross domestic product - expenditure approach        
3         QNIA    A111B11CQS.a  DB_A_0001  data004  External balance of goods and services, Nation...         B11CQRSA  ...  Millions of US Dollar      USA      4        United States  Gross domestic product - expenditure approach        
4         QNIA    A111B11LNQ.a  DB_A_0001  data005  External balance of goods and services, Nation...         B11LNBQR  ...  Millions of US Dollar      USA      5        United States  Gross domestic product - expenditure approach    2012
...        ...             ...        ...      ...                                                ...              ...  ...                    ...      ...    ...                  ...                                            ...     ...
42096     QNIA     Q990P7GYS.q  DB_Q_0107  data132  Imports of goods and services, Growth rate bas...           P7GYSA  ...    Units of Percentage      OTF  42097  OECD - FORMER TOTAL  Gross domestic product - expenditure approach        
42097     QNIA     Q990P7VIO.q  DB_Q_0107  data133  Imports of goods and services, Volume index, O...        P7VIXOBSA  ...         Units of Index      OTF  42098  OECD - FORMER TOTAL  Gross domestic product - expenditure approach    2015
42098     QNIA     Q990P7VPS.q  DB_Q_0107  data134  Imports of goods and services, US dollars, vol...      P7VPVOBARSA  ...  Millions of US Dollar      OTF  42099  OECD - FORMER TOTAL  Gross domestic product - expenditure approach    2015
42099     QNIA  Q990RB1GECPS.q  DB_Q_0107  data135  Residual item, US dollars, current prices, cur...    RB1_GECPCARSA  ...  Millions of US Dollar      OTF  42100  OECD - FORMER TOTAL  Gross domestic product - expenditure approach        
42100     QNIA  Q990RB1GEVPS.q  DB_Q_0107  data136  Residual item, US dollars, volume estimates, f...  RB1_GEVPVOBARSA  ...  Millions of US Dollar      OTF  42101  OECD - FORMER TOTAL  Gross domestic product - expenditure approach    2015

[42101 rows x 15 columns]
